c:\semester_10\hpc\project_versions\parallel-background-subtraction-main\hpc_projecttemplate\x64\debug\vc143.pdb
c:\semester_10\hpc\project_versions\parallel-background-subtraction-main\hpc_projecttemplate\x64\debug\.netframework,version=v4.7.2.assemblyattributes.obj
c:\semester_10\hpc\project_versions\parallel-background-subtraction-main\hpc_projecttemplate\x64\debug\source.obj
c:\semester_10\hpc\project_versions\parallel-background-subtraction-main\hpc_projecttemplate\x64\debug\sequential.obj
c:\semester_10\hpc\project_versions\parallel-background-subtraction-main\hpc_projecttemplate\x64\debug\openmp.obj
c:\semester_10\hpc\project_versions\parallel-background-subtraction-main\hpc_projecttemplate\x64\debug\seq2.obj
c:\semester_10\hpc\project_versions\parallel-background-subtraction-main\hpc_projecttemplate\x64\debug\openmp2.obj
c:\semester_10\hpc\project_versions\parallel-background-subtraction-main\hpc_projecttemplate\x64\debug\mpi2.obj
c:\semester_10\hpc\project_versions\parallel-background-subtraction-main\x64\debug\system.dll
c:\semester_10\hpc\project_versions\parallel-background-subtraction-main\x64\debug\system.drawing.dll
c:\semester_10\hpc\project_versions\parallel-background-subtraction-main\x64\debug\system.windows.forms.dll
c:\semester_10\hpc\project_versions\parallel-background-subtraction-main\x64\debug\hpc_projecttemplate.exe
c:\semester_10\hpc\project_versions\parallel-background-subtraction-main\x64\debug\hpc_projecttemplate.pdb
c:\semester_10\hpc\project_versions\parallel-background-subtraction-main\hpc_projecttemplate\x64\debug\hpc_proj.7aebee7c.tlog\metagen.write.1.tlog
c:\semester_10\hpc\project_versions\parallel-background-subtraction-main\hpc_projecttemplate\x64\debug\source.obj.enc
c:\semester_10\hpc\project_versions\parallel-background-subtraction-main\hpc_projecttemplate\x64\debug\vc142.idb
c:\semester_10\hpc\project_versions\parallel-background-subtraction-main\hpc_projecttemplate\x64\debug\vc143.idb
c:\semester_10\hpc\project_versions\parallel-background-subtraction-main\hpc_projecttemplate\x64\debug\vc142.pdb
c:\semester_10\hpc\project_versions\parallel-background-subtraction-main\hpc_projecttemplate\x64\debug\hpc_proj.7aebee7c.tlog\cl.command.1.tlog
c:\semester_10\hpc\project_versions\parallel-background-subtraction-main\hpc_projecttemplate\x64\debug\hpc_proj.7aebee7c.tlog\cl.items.tlog
c:\semester_10\hpc\project_versions\parallel-background-subtraction-main\hpc_projecttemplate\x64\debug\hpc_proj.7aebee7c.tlog\cl.read.1.tlog
c:\semester_10\hpc\project_versions\parallel-background-subtraction-main\hpc_projecttemplate\x64\debug\hpc_proj.7aebee7c.tlog\cl.write.1.tlog
c:\semester_10\hpc\project_versions\parallel-background-subtraction-main\hpc_projecttemplate\x64\debug\hpc_proj.7aebee7c.tlog\copylocal.read.1u.tlog
c:\semester_10\hpc\project_versions\parallel-background-subtraction-main\hpc_projecttemplate\x64\debug\hpc_proj.7aebee7c.tlog\copylocal.write.1u.tlog
c:\semester_10\hpc\project_versions\parallel-background-subtraction-main\hpc_projecttemplate\x64\debug\hpc_proj.7aebee7c.tlog\link.command.1.tlog
c:\semester_10\hpc\project_versions\parallel-background-subtraction-main\hpc_projecttemplate\x64\debug\hpc_proj.7aebee7c.tlog\link.read.1.tlog
c:\semester_10\hpc\project_versions\parallel-background-subtraction-main\hpc_projecttemplate\x64\debug\hpc_proj.7aebee7c.tlog\link.secondary.1.tlog
c:\semester_10\hpc\project_versions\parallel-background-subtraction-main\hpc_projecttemplate\x64\debug\hpc_proj.7aebee7c.tlog\link.write.1.tlog
c:\semester_10\hpc\project_versions\parallel-background-subtraction-main\hpc_projecttemplate\x64\debug\hpc_proj.7aebee7c.tlog\metagen.read.1.tlog
c:\semester_10\hpc\project_versions\parallel-background-subtraction-main\hpc_projecttemplate\x64\debug\hpc_proj.7aebee7c.tlog\system.dll.metagen
c:\semester_10\hpc\project_versions\parallel-background-subtraction-main\hpc_projecttemplate\x64\debug\hpc_proj.7aebee7c.tlog\system.drawing.dll.metagen
c:\semester_10\hpc\project_versions\parallel-background-subtraction-main\hpc_projecttemplate\x64\debug\hpc_proj.7aebee7c.tlog\system.windows.forms.dll.metagen
